  source.cpp
d:\files\c\cc\lunch\ltime74\proftrip\proftrip\source.cpp(140): warning C4244: '인수': '__int64'에서 'unsigned int'(으)로 변환하면서 데이터가 손실될 수 있습니다.
d:\files\c\cc\lunch\ltime74\proftrip\proftrip\source.cpp(36): warning C4996: 'freopen': This function or variable may be unsafe. Consider using freopen_s instead. To disable deprecation, use _CRT_SECURE_NO_WARNINGS. See online help for details.
  c:\program files (x86)\windows kits\10\include\10.0.10240.0\ucrt\stdio.h(240): note: 'freopen' 선언을 참조하십시오.
d:\files\c\cc\lunch\ltime74\proftrip\proftrip\source.cpp(38): warning C4996: 'scanf': This function or variable may be unsafe. Consider using scanf_s instead. To disable deprecation, use _CRT_SECURE_NO_WARNINGS. See online help for details.
  c:\program files (x86)\windows kits\10\include\10.0.10240.0\ucrt\stdio.h(1270): note: 'scanf' 선언을 참조하십시오.
d:\files\c\cc\lunch\ltime74\proftrip\proftrip\source.cpp(42): warning C4996: 'scanf': This function or variable may be unsafe. Consider using scanf_s instead. To disable deprecation, use _CRT_SECURE_NO_WARNINGS. See online help for details.
  c:\program files (x86)\windows kits\10\include\10.0.10240.0\ucrt\stdio.h(1270): note: 'scanf' 선언을 참조하십시오.
d:\files\c\cc\lunch\ltime74\proftrip\proftrip\source.cpp(64): warning C4996: 'scanf': This function or variable may be unsafe. Consider using scanf_s instead. To disable deprecation, use _CRT_SECURE_NO_WARNINGS. See online help for details.
  c:\program files (x86)\windows kits\10\include\10.0.10240.0\ucrt\stdio.h(1270): note: 'scanf' 선언을 참조하십시오.
d:\files\c\cc\lunch\ltime74\proftrip\proftrip\source.cpp(74): warning C4996: 'scanf': This function or variable may be unsafe. Consider using scanf_s instead. To disable deprecation, use _CRT_SECURE_NO_WARNINGS. See online help for details.
  c:\program files (x86)\windows kits\10\include\10.0.10240.0\ucrt\stdio.h(1270): note: 'scanf' 선언을 참조하십시오.
d:\files\c\cc\lunch\ltime74\proftrip\proftrip\source.cpp(118): warning C4996: 'scanf': This function or variable may be unsafe. Consider using scanf_s instead. To disable deprecation, use _CRT_SECURE_NO_WARNINGS. See online help for details.
  c:\program files (x86)\windows kits\10\include\10.0.10240.0\ucrt\stdio.h(1270): note: 'scanf' 선언을 참조하십시오.
d:\files\c\cc\lunch\ltime74\proftrip\proftrip\source.cpp(28): warning C4101: 'input' :참조되지 않은 지역 변수입니다.
d:\files\c\cc\lunch\ltime74\proftrip\proftrip\source.cpp(27): warning C4101: 'k' :참조되지 않은 지역 변수입니다.
d:\files\c\cc\lunch\ltime74\proftrip\proftrip\source.cpp(27): warning C4101: 'l' :참조되지 않은 지역 변수입니다.
d:\files\c\cc\lunch\ltime74\proftrip\proftrip\source.cpp(29): warning C4101: 'cur' :참조되지 않은 지역 변수입니다.
d:\files\c\cc\lunch\ltime74\proftrip\proftrip\source.cpp(127): warning C4101: 'j' :참조되지 않은 지역 변수입니다.
  PROFTRIP.vcxproj -> D:\files\C\cc\lunch\LTIME74\PROFTRIP\Debug\PROFTRIP.exe
  PROFTRIP.vcxproj -> D:\files\C\cc\lunch\LTIME74\PROFTRIP\Debug\PROFTRIP.pdb (Partial PDB)
