  source.cpp
d:\files\c\cf\567\d\d\source.cpp(79): warning C4244: '인수': '__int64'에서 'unsigned int'(으)로 변환하면서 데이터가 손실될 수 있습니다.
d:\files\c\cf\567\d\d\source.cpp(81): warning C4244: '인수': '__int64'에서 'unsigned int'(으)로 변환하면서 데이터가 손실될 수 있습니다.
d:\files\c\cf\567\d\d\source.cpp(86): warning C4244: '인수': '__int64'에서 'unsigned int'(으)로 변환하면서 데이터가 손실될 수 있습니다.
d:\files\c\cf\567\d\d\source.cpp(102): warning C4244: '인수': '__int64'에서 'unsigned int'(으)로 변환하면서 데이터가 손실될 수 있습니다.
d:\files\c\cf\567\d\d\source.cpp(107): warning C4244: '인수': '__int64'에서 'unsigned int'(으)로 변환하면서 데이터가 손실될 수 있습니다.
d:\files\c\cf\567\d\d\source.cpp(109): warning C4244: '인수': '__int64'에서 'unsigned int'(으)로 변환하면서 데이터가 손실될 수 있습니다.
d:\files\c\cf\567\d\d\source.cpp(123): warning C4244: '인수': '__int64'에서 'unsigned int'(으)로 변환하면서 데이터가 손실될 수 있습니다.
d:\files\c\cf\567\d\d\source.cpp(137): warning C4244: '인수': '__int64'에서 'unsigned int'(으)로 변환하면서 데이터가 손실될 수 있습니다.
d:\files\c\cf\567\d\d\source.cpp(139): warning C4244: '인수': '__int64'에서 'unsigned int'(으)로 변환하면서 데이터가 손실될 수 있습니다.
d:\files\c\cf\567\d\d\source.cpp(144): warning C4244: '인수': '__int64'에서 'unsigned int'(으)로 변환하면서 데이터가 손실될 수 있습니다.
d:\files\c\cf\567\d\d\source.cpp(153): warning C4244: '인수': '__int64'에서 'unsigned int'(으)로 변환하면서 데이터가 손실될 수 있습니다.
d:\files\c\cf\567\d\d\source.cpp(158): warning C4244: '인수': '__int64'에서 'unsigned int'(으)로 변환하면서 데이터가 손실될 수 있습니다.
d:\files\c\cf\567\d\d\source.cpp(167): warning C4244: '인수': '__int64'에서 'unsigned int'(으)로 변환하면서 데이터가 손실될 수 있습니다.
d:\files\c\cf\567\d\d\source.cpp(36): warning C4996: 'freopen': This function or variable may be unsafe. Consider using freopen_s instead. To disable deprecation, use _CRT_SECURE_NO_WARNINGS. See online help for details.
  c:\program files (x86)\windows kits\10\include\10.0.10240.0\ucrt\stdio.h(240): note: 'freopen' 선언을 참조하십시오.
d:\files\c\cf\567\d\d\source.cpp(38): warning C4996: 'scanf': This function or variable may be unsafe. Consider using scanf_s instead. To disable deprecation, use _CRT_SECURE_NO_WARNINGS. See online help for details.
  c:\program files (x86)\windows kits\10\include\10.0.10240.0\ucrt\stdio.h(1270): note: 'scanf' 선언을 참조하십시오.
d:\files\c\cf\567\d\d\source.cpp(42): warning C4996: 'scanf': This function or variable may be unsafe. Consider using scanf_s instead. To disable deprecation, use _CRT_SECURE_NO_WARNINGS. See online help for details.
  c:\program files (x86)\windows kits\10\include\10.0.10240.0\ucrt\stdio.h(1270): note: 'scanf' 선언을 참조하십시오.
d:\files\c\cf\567\d\d\source.cpp(68): warning C4996: 'scanf': This function or variable may be unsafe. Consider using scanf_s instead. To disable deprecation, use _CRT_SECURE_NO_WARNINGS. See online help for details.
  c:\program files (x86)\windows kits\10\include\10.0.10240.0\ucrt\stdio.h(1270): note: 'scanf' 선언을 참조하십시오.
  D.vcxproj -> D:\files\C\cf\567\D\Debug\D.exe
  D.vcxproj -> D:\files\C\cf\567\D\Debug\D.pdb (Partial PDB)
