  source.cpp
d:\files\c\cf\ecf\95\d\d\source.cpp(108): warning C4244: '인수': '__int64'에서 'int'(으)로 변환하면서 데이터가 손실될 수 있습니다.
d:\files\c\cf\ecf\95\d\d\source.cpp(145): warning C4244: '인수': 'const __int64'에서 'int'(으)로 변환하면서 데이터가 손실될 수 있습니다.
d:\files\c\cf\ecf\95\d\d\source.cpp(147): warning C4244: '인수': 'const __int64'에서 'int'(으)로 변환하면서 데이터가 손실될 수 있습니다.
d:\files\c\cf\ecf\95\d\d\source.cpp(166): warning C4244: '초기화 중': '__int64'에서 'int'(으)로 변환하면서 데이터가 손실될 수 있습니다.
d:\files\c\cf\ecf\95\d\d\source.cpp(188): warning C4244: '초기화 중': 'const __int64'에서 'int'(으)로 변환하면서 데이터가 손실될 수 있습니다.
d:\files\c\cf\ecf\95\d\d\source.cpp(242): warning C4244: '인수': 'const __int64'에서 'int'(으)로 변환하면서 데이터가 손실될 수 있습니다.
d:\files\c\cf\ecf\95\d\d\source.cpp(244): warning C4244: '인수': 'const __int64'에서 'int'(으)로 변환하면서 데이터가 손실될 수 있습니다.
d:\files\c\cf\ecf\95\d\d\source.cpp(248): warning C4244: '인수': '__int64'에서 'int'(으)로 변환하면서 데이터가 손실될 수 있습니다.
d:\files\c\cf\ecf\95\d\d\source.cpp(248): warning C4244: '인수': 'const __int64'에서 'int'(으)로 변환하면서 데이터가 손실될 수 있습니다.
d:\files\c\cf\ecf\95\d\d\source.cpp(253): warning C4244: '인수': '__int64'에서 'int'(으)로 변환하면서 데이터가 손실될 수 있습니다.
d:\files\c\cf\ecf\95\d\d\source.cpp(253): warning C4244: '인수': 'const __int64'에서 'int'(으)로 변환하면서 데이터가 손실될 수 있습니다.
d:\files\c\cf\ecf\95\d\d\source.cpp(270): warning C4244: '초기화 중': '__int64'에서 'int'(으)로 변환하면서 데이터가 손실될 수 있습니다.
d:\files\c\cf\ecf\95\d\d\source.cpp(292): warning C4244: '초기화 중': 'const __int64'에서 'int'(으)로 변환하면서 데이터가 손실될 수 있습니다.
d:\files\c\cf\ecf\95\d\d\source.cpp(46): warning C4996: 'freopen': This function or variable may be unsafe. Consider using freopen_s instead. To disable deprecation, use _CRT_SECURE_NO_WARNINGS. See online help for details.
  c:\program files (x86)\windows kits\10\include\10.0.10240.0\ucrt\stdio.h(240): note: 'freopen' 선언을 참조하십시오.
d:\files\c\cf\ecf\95\d\d\source.cpp(50): warning C4996: 'scanf': This function or variable may be unsafe. Consider using scanf_s instead. To disable deprecation, use _CRT_SECURE_NO_WARNINGS. See online help for details.
  c:\program files (x86)\windows kits\10\include\10.0.10240.0\ucrt\stdio.h(1270): note: 'scanf' 선언을 참조하십시오.
d:\files\c\cf\ecf\95\d\d\source.cpp(60): warning C4996: 'scanf': This function or variable may be unsafe. Consider using scanf_s instead. To disable deprecation, use _CRT_SECURE_NO_WARNINGS. See online help for details.
  c:\program files (x86)\windows kits\10\include\10.0.10240.0\ucrt\stdio.h(1270): note: 'scanf' 선언을 참조하십시오.
d:\files\c\cf\ecf\95\d\d\source.cpp(76): warning C4996: 'scanf': This function or variable may be unsafe. Consider using scanf_s instead. To disable deprecation, use _CRT_SECURE_NO_WARNINGS. See online help for details.
  c:\program files (x86)\windows kits\10\include\10.0.10240.0\ucrt\stdio.h(1270): note: 'scanf' 선언을 참조하십시오.
c:\program files (x86)\microsoft visual studio 14.0\vc\include\utility(172): warning C4244: '초기화 중': '__int64'에서 'int'(으)로 변환하면서 데이터가 손실될 수 있습니다.
  d:\files\c\cf\ecf\95\d\d\source.cpp(112): note: 컴파일 중인 함수 템플릿 인스턴스화 'std::pair<__int64,int>::pair<int,__int64&,void,0>(_Other1 &&,_Other2) noexcept'에 대한 참조를 확인하십시오.
          with
          [
              _Other1=int,
              _Other2=__int64 &
          ]
  d:\files\c\cf\ecf\95\d\d\source.cpp(112): note: 컴파일 중인 함수 템플릿 인스턴스화 'std::pair<__int64,int>::pair<int,__int64&,void,0>(_Other1 &&,_Other2) noexcept'에 대한 참조를 확인하십시오.
          with
          [
              _Other1=int,
              _Other2=__int64 &
          ]
c:\program files (x86)\microsoft visual studio 14.0\vc\include\utility(172): warning C4244: '초기화 중': 'const __int64'에서 'int'(으)로 변환하면서 데이터가 손실될 수 있습니다.
  d:\files\c\cf\ecf\95\d\d\source.cpp(212): note: 컴파일 중인 함수 템플릿 인스턴스화 'std::pair<__int64,int>::pair<int,const __int64&,void,0>(_Other1 &&,_Other2) noexcept'에 대한 참조를 확인하십시오.
          with
          [
              _Other1=int,
              _Other2=const __int64 &
          ]
  d:\files\c\cf\ecf\95\d\d\source.cpp(212): note: 컴파일 중인 함수 템플릿 인스턴스화 'std::pair<__int64,int>::pair<int,const __int64&,void,0>(_Other1 &&,_Other2) noexcept'에 대한 참조를 확인하십시오.
          with
          [
              _Other1=int,
              _Other2=const __int64 &
          ]
  D.vcxproj -> D:\files\C\cf\ecf\95\D\Debug\D.exe
  D.vcxproj -> D:\files\C\cf\ecf\95\D\Debug\D.pdb (Partial PDB)
