  source.cpp
d:\files\c\cf\mc\1\c\c\source.cpp(37): warning C4244: '인수': '__int64'에서 'unsigned int'(으)로 변환하면서 데이터가 손실될 수 있습니다.
d:\files\c\cf\mc\1\c\c\source.cpp(70): warning C4244: '인수': '__int64'에서 'unsigned int'(으)로 변환하면서 데이터가 손실될 수 있습니다.
d:\files\c\cf\mc\1\c\c\source.cpp(96): warning C4244: '인수': '__int64'에서 'unsigned int'(으)로 변환하면서 데이터가 손실될 수 있습니다.
d:\files\c\cf\mc\1\c\c\source.cpp(108): warning C4244: '인수': '__int64'에서 'unsigned int'(으)로 변환하면서 데이터가 손실될 수 있습니다.
d:\files\c\cf\mc\1\c\c\source.cpp(115): warning C4244: '인수': '__int64'에서 'unsigned int'(으)로 변환하면서 데이터가 손실될 수 있습니다.
d:\files\c\cf\mc\1\c\c\source.cpp(123): warning C4244: '인수': '__int64'에서 'unsigned int'(으)로 변환하면서 데이터가 손실될 수 있습니다.
d:\files\c\cf\mc\1\c\c\source.cpp(130): warning C4244: '인수': '__int64'에서 'unsigned int'(으)로 변환하면서 데이터가 손실될 수 있습니다.
d:\files\c\cf\mc\1\c\c\source.cpp(19): warning C4996: 'scanf': This function or variable may be unsafe. Consider using scanf_s instead. To disable deprecation, use _CRT_SECURE_NO_WARNINGS. See online help for details.
  c:\program files (x86)\windows kits\10\include\10.0.10240.0\ucrt\stdio.h(1270): note: 'scanf' 선언을 참조하십시오.
d:\files\c\cf\mc\1\c\c\source.cpp(23): warning C4996: 'scanf': This function or variable may be unsafe. Consider using scanf_s instead. To disable deprecation, use _CRT_SECURE_NO_WARNINGS. See online help for details.
  c:\program files (x86)\windows kits\10\include\10.0.10240.0\ucrt\stdio.h(1270): note: 'scanf' 선언을 참조하십시오.
d:\files\c\cf\mc\1\c\c\source.cpp(30): warning C4996: 'scanf': This function or variable may be unsafe. Consider using scanf_s instead. To disable deprecation, use _CRT_SECURE_NO_WARNINGS. See online help for details.
  c:\program files (x86)\windows kits\10\include\10.0.10240.0\ucrt\stdio.h(1270): note: 'scanf' 선언을 참조하십시오.
d:\files\c\cf\mc\1\c\c\source.cpp(141): warning C4477: 'printf' : 서식 문자열 '%d'에 'int' 형식의 인수가 필요하지만 variadic 인수 1의 형식이 '__int64'입니다.
  d:\files\c\cf\mc\1\c\c\source.cpp(141): note: 서식 문자열에서 '%lld'을(를) 사용하는 것이 좋습니다.
  d:\files\c\cf\mc\1\c\c\source.cpp(141): note: 서식 문자열에서 '%I64d'을(를) 사용하는 것이 좋습니다.
d:\files\c\cf\mc\1\c\c\source.cpp(14): warning C4101: 'min' :참조되지 않은 지역 변수입니다.
  C.vcxproj -> D:\files\C\cf\mc\1\C\Debug\C.exe
  C.vcxproj -> D:\files\C\cf\mc\1\C\Debug\C.pdb (Partial PDB)
