  source.cpp
d:\files\c\cf\651\f\f\source.cpp(23): warning C4018: '<': signed 또는 unsigned가 일치하지 않습니다.
d:\files\c\cf\651\f\f\source.cpp(40): warning C4018: '<': signed 또는 unsigned가 일치하지 않습니다.
d:\files\c\cf\651\f\f\source.cpp(121): warning C4018: '<': signed 또는 unsigned가 일치하지 않습니다.
d:\files\c\cf\651\f\f\source.cpp(154): warning C4018: '<': signed 또는 unsigned가 일치하지 않습니다.
d:\files\c\cf\651\f\f\source.cpp(189): warning C4018: '<': signed 또는 unsigned가 일치하지 않습니다.
d:\files\c\cf\651\f\f\source.cpp(199): warning C4018: '<': signed 또는 unsigned가 일치하지 않습니다.
d:\files\c\cf\651\f\f\source.cpp(62): warning C4996: 'scanf': This function or variable may be unsafe. Consider using scanf_s instead. To disable deprecation, use _CRT_SECURE_NO_WARNINGS. See online help for details.
  c:\program files (x86)\windows kits\10\include\10.0.10240.0\ucrt\stdio.h(1270): note: 'scanf' 선언을 참조하십시오.
d:\files\c\cf\651\f\f\source.cpp(66): warning C4996: 'scanf': This function or variable may be unsafe. Consider using scanf_s instead. To disable deprecation, use _CRT_SECURE_NO_WARNINGS. See online help for details.
  c:\program files (x86)\windows kits\10\include\10.0.10240.0\ucrt\stdio.h(1270): note: 'scanf' 선언을 참조하십시오.
d:\files\c\cf\651\f\f\source.cpp(81): warning C4996: 'scanf': This function or variable may be unsafe. Consider using scanf_s instead. To disable deprecation, use _CRT_SECURE_NO_WARNINGS. See online help for details.
  c:\program files (x86)\windows kits\10\include\10.0.10240.0\ucrt\stdio.h(1270): note: 'scanf' 선언을 참조하십시오.
d:\files\c\cf\651\f\f\source.cpp(99): warning C4996: 'scanf': This function or variable may be unsafe. Consider using scanf_s instead. To disable deprecation, use _CRT_SECURE_NO_WARNINGS. See online help for details.
  c:\program files (x86)\windows kits\10\include\10.0.10240.0\ucrt\stdio.h(1270): note: 'scanf' 선언을 참조하십시오.
d:\files\c\cf\651\f\f\source.cpp(131): warning C4996: 'scanf': This function or variable may be unsafe. Consider using scanf_s instead. To disable deprecation, use _CRT_SECURE_NO_WARNINGS. See online help for details.
  c:\program files (x86)\windows kits\10\include\10.0.10240.0\ucrt\stdio.h(1270): note: 'scanf' 선언을 참조하십시오.
d:\files\c\cf\651\f\f\source.cpp(164): warning C4996: 'scanf': This function or variable may be unsafe. Consider using scanf_s instead. To disable deprecation, use _CRT_SECURE_NO_WARNINGS. See online help for details.
  c:\program files (x86)\windows kits\10\include\10.0.10240.0\ucrt\stdio.h(1270): note: 'scanf' 선언을 참조하십시오.
d:\files\c\cf\651\f\f\source.cpp(209): warning C4996: 'scanf': This function or variable may be unsafe. Consider using scanf_s instead. To disable deprecation, use _CRT_SECURE_NO_WARNINGS. See online help for details.
  c:\program files (x86)\windows kits\10\include\10.0.10240.0\ucrt\stdio.h(1270): note: 'scanf' 선언을 참조하십시오.
d:\files\c\cf\651\f\f\source.cpp(224): warning C4996: 'scanf': This function or variable may be unsafe. Consider using scanf_s instead. To disable deprecation, use _CRT_SECURE_NO_WARNINGS. See online help for details.
  c:\program files (x86)\windows kits\10\include\10.0.10240.0\ucrt\stdio.h(1270): note: 'scanf' 선언을 참조하십시오.
  F.vcxproj -> D:\files\C\cf\651\F\Debug\F.exe
  F.vcxproj -> D:\files\C\cf\651\F\Debug\F.pdb (Partial PDB)
