  source.cpp
d:\files\c\cf\607\c\c\source.cpp(16): warning C4996: 'scanf': This function or variable may be unsafe. Consider using scanf_s instead. To disable deprecation, use _CRT_SECURE_NO_WARNINGS. See online help for details.
  c:\program files (x86)\windows kits\10\include\10.0.10240.0\ucrt\stdio.h(1270): note: 'scanf' 선언을 참조하십시오.
d:\files\c\cf\607\c\c\source.cpp(24): warning C4996: 'scanf': This function or variable may be unsafe. Consider using scanf_s instead. To disable deprecation, use _CRT_SECURE_NO_WARNINGS. See online help for details.
  c:\program files (x86)\windows kits\10\include\10.0.10240.0\ucrt\stdio.h(1270): note: 'scanf' 선언을 참조하십시오.
d:\files\c\cf\607\c\c\source.cpp(25): warning C4996: 'scanf': This function or variable may be unsafe. Consider using scanf_s instead. To disable deprecation, use _CRT_SECURE_NO_WARNINGS. See online help for details.
  c:\program files (x86)\windows kits\10\include\10.0.10240.0\ucrt\stdio.h(1270): note: 'scanf' 선언을 참조하십시오.
d:\files\c\cf\607\c\c\source.cpp(74): warning C4477: 'printf' : 서식 문자열 '%d'에 'int' 형식의 인수가 필요하지만 variadic 인수 1의 형식이 '__int64'입니다.
  d:\files\c\cf\607\c\c\source.cpp(74): note: 서식 문자열에서 '%lld'을(를) 사용하는 것이 좋습니다.
  d:\files\c\cf\607\c\c\source.cpp(74): note: 서식 문자열에서 '%I64d'을(를) 사용하는 것이 좋습니다.
c:\program files (x86)\microsoft visual studio 14.0\vc\include\utility(172): warning C4244: '초기화 중': '__int64'에서 'int'(으)로 변환하면서 데이터가 손실될 수 있습니다.
  d:\files\c\cf\607\c\c\source.cpp(44): note: 컴파일 중인 함수 템플릿 인스턴스화 'std::pair<int,int>::pair<__int64&,int,void,0>(_Other1,_Other2 &&) noexcept'에 대한 참조를 확인하십시오.
          with
          [
              _Other1=__int64 &,
              _Other2=int
          ]
  d:\files\c\cf\607\c\c\source.cpp(44): note: 컴파일 중인 함수 템플릿 인스턴스화 'std::pair<int,int>::pair<__int64&,int,void,0>(_Other1,_Other2 &&) noexcept'에 대한 참조를 확인하십시오.
          with
          [
              _Other1=__int64 &,
              _Other2=int
          ]
  C.vcxproj -> D:\files\C\cf\607\C\Debug\C.exe
  C.vcxproj -> D:\files\C\cf\607\C\Debug\C.pdb (Partial PDB)
