  source.cpp
d:\files\c\cf\586\e\e\source.cpp(62): warning C4018: '<': signed 또는 unsigned가 일치하지 않습니다.
d:\files\c\cf\586\e\e\source.cpp(72): warning C4018: '<': signed 또는 unsigned가 일치하지 않습니다.
d:\files\c\cf\586\e\e\source.cpp(115): warning C4018: '<': signed 또는 unsigned가 일치하지 않습니다.
d:\files\c\cf\586\e\e\source.cpp(139): warning C4018: '<': signed 또는 unsigned가 일치하지 않습니다.
d:\files\c\cf\586\e\e\source.cpp(165): warning C4018: '<': signed 또는 unsigned가 일치하지 않습니다.
d:\files\c\cf\586\e\e\source.cpp(196): warning C4018: '<': signed 또는 unsigned가 일치하지 않습니다.
d:\files\c\cf\586\e\e\source.cpp(198): warning C4018: '<': signed 또는 unsigned가 일치하지 않습니다.
d:\files\c\cf\586\e\e\source.cpp(221): warning C4018: '<': signed 또는 unsigned가 일치하지 않습니다.
d:\files\c\cf\586\e\e\source.cpp(33): warning C4996: 'freopen': This function or variable may be unsafe. Consider using freopen_s instead. To disable deprecation, use _CRT_SECURE_NO_WARNINGS. See online help for details.
  c:\program files (x86)\windows kits\10\include\10.0.10240.0\ucrt\stdio.h(240): note: 'freopen' 선언을 참조하십시오.
d:\files\c\cf\586\e\e\source.cpp(35): warning C4996: 'scanf': This function or variable may be unsafe. Consider using scanf_s instead. To disable deprecation, use _CRT_SECURE_NO_WARNINGS. See online help for details.
  c:\program files (x86)\windows kits\10\include\10.0.10240.0\ucrt\stdio.h(1270): note: 'scanf' 선언을 참조하십시오.
d:\files\c\cf\586\e\e\source.cpp(39): warning C4996: 'scanf': This function or variable may be unsafe. Consider using scanf_s instead. To disable deprecation, use _CRT_SECURE_NO_WARNINGS. See online help for details.
  c:\program files (x86)\windows kits\10\include\10.0.10240.0\ucrt\stdio.h(1270): note: 'scanf' 선언을 참조하십시오.
d:\files\c\cf\586\e\e\source.cpp(44): warning C4996: 'scanf': This function or variable may be unsafe. Consider using scanf_s instead. To disable deprecation, use _CRT_SECURE_NO_WARNINGS. See online help for details.
  c:\program files (x86)\windows kits\10\include\10.0.10240.0\ucrt\stdio.h(1270): note: 'scanf' 선언을 참조하십시오.
d:\files\c\cf\586\e\e\source.cpp(50): warning C4996: 'scanf': This function or variable may be unsafe. Consider using scanf_s instead. To disable deprecation, use _CRT_SECURE_NO_WARNINGS. See online help for details.
  c:\program files (x86)\windows kits\10\include\10.0.10240.0\ucrt\stdio.h(1270): note: 'scanf' 선언을 참조하십시오.
  E.vcxproj -> D:\files\C\cf\586\E\Debug\E.exe
  E.vcxproj -> D:\files\C\cf\586\E\Debug\E.pdb (Partial PDB)
