  source.cpp
d:\files\c\cf\613\e\e\source.cpp(55): warning C4244: '인수': '__int64'에서 'unsigned int'(으)로 변환하면서 데이터가 손실될 수 있습니다.
d:\files\c\cf\613\e\e\source.cpp(60): warning C4244: '인수': '__int64'에서 'unsigned int'(으)로 변환하면서 데이터가 손실될 수 있습니다.
d:\files\c\cf\613\e\e\source.cpp(62): warning C4244: '인수': '__int64'에서 'unsigned int'(으)로 변환하면서 데이터가 손실될 수 있습니다.
d:\files\c\cf\613\e\e\source.cpp(76): warning C4244: '인수': '__int64'에서 'unsigned int'(으)로 변환하면서 데이터가 손실될 수 있습니다.
d:\files\c\cf\613\e\e\source.cpp(91): warning C4244: '인수': '__int64'에서 'unsigned int'(으)로 변환하면서 데이터가 손실될 수 있습니다.
d:\files\c\cf\613\e\e\source.cpp(95): warning C4244: '인수': '__int64'에서 'unsigned int'(으)로 변환하면서 데이터가 손실될 수 있습니다.
d:\files\c\cf\613\e\e\source.cpp(111): warning C4244: '인수': '__int64'에서 'unsigned int'(으)로 변환하면서 데이터가 손실될 수 있습니다.
d:\files\c\cf\613\e\e\source.cpp(122): warning C4244: '인수': '__int64'에서 'unsigned int'(으)로 변환하면서 데이터가 손실될 수 있습니다.
d:\files\c\cf\613\e\e\source.cpp(127): warning C4244: '인수': '__int64'에서 'unsigned int'(으)로 변환하면서 데이터가 손실될 수 있습니다.
d:\files\c\cf\613\e\e\source.cpp(129): warning C4244: '인수': '__int64'에서 'unsigned int'(으)로 변환하면서 데이터가 손실될 수 있습니다.
d:\files\c\cf\613\e\e\source.cpp(16): warning C4996: 'freopen': This function or variable may be unsafe. Consider using freopen_s instead. To disable deprecation, use _CRT_SECURE_NO_WARNINGS. See online help for details.
  c:\program files (x86)\windows kits\10\include\10.0.10240.0\ucrt\stdio.h(240): note: 'freopen' 선언을 참조하십시오.
d:\files\c\cf\613\e\e\source.cpp(18): warning C4996: 'scanf': This function or variable may be unsafe. Consider using scanf_s instead. To disable deprecation, use _CRT_SECURE_NO_WARNINGS. See online help for details.
  c:\program files (x86)\windows kits\10\include\10.0.10240.0\ucrt\stdio.h(1270): note: 'scanf' 선언을 참조하십시오.
d:\files\c\cf\613\e\e\source.cpp(26): warning C4996: 'scanf': This function or variable may be unsafe. Consider using scanf_s instead. To disable deprecation, use _CRT_SECURE_NO_WARNINGS. See online help for details.
  c:\program files (x86)\windows kits\10\include\10.0.10240.0\ucrt\stdio.h(1270): note: 'scanf' 선언을 참조하십시오.
d:\files\c\cf\613\e\e\source.cpp(32): warning C4996: 'scanf': This function or variable may be unsafe. Consider using scanf_s instead. To disable deprecation, use _CRT_SECURE_NO_WARNINGS. See online help for details.
  c:\program files (x86)\windows kits\10\include\10.0.10240.0\ucrt\stdio.h(1270): note: 'scanf' 선언을 참조하십시오.
  E.vcxproj -> D:\files\C\cf\613\E\Debug\E.exe
  E.vcxproj -> D:\files\C\cf\613\E\Debug\E.pdb (Partial PDB)
