  source.cpp
d:\files\c\cc\cook\cook103\maxremov\maxremov\source.cpp(88): warning C4244: '=': '__int64'에서 'int'(으)로 변환하면서 데이터가 손실될 수 있습니다.
d:\files\c\cc\cook\cook103\maxremov\maxremov\source.cpp(93): warning C4244: '=': '__int64'에서 'int'(으)로 변환하면서 데이터가 손실될 수 있습니다.
d:\files\c\cc\cook\cook103\maxremov\maxremov\source.cpp(117): warning C4244: '=': '__int64'에서 'int'(으)로 변환하면서 데이터가 손실될 수 있습니다.
d:\files\c\cc\cook\cook103\maxremov\maxremov\source.cpp(122): warning C4244: '=': '__int64'에서 'int'(으)로 변환하면서 데이터가 손실될 수 있습니다.
d:\files\c\cc\cook\cook103\maxremov\maxremov\source.cpp(135): warning C4018: '<': signed 또는 unsigned가 일치하지 않습니다.
d:\files\c\cc\cook\cook103\maxremov\maxremov\source.cpp(147): warning C4244: '=': '__int64'에서 'int'(으)로 변환하면서 데이터가 손실될 수 있습니다.
d:\files\c\cc\cook\cook103\maxremov\maxremov\source.cpp(148): warning C4244: '=': '__int64'에서 'int'(으)로 변환하면서 데이터가 손실될 수 있습니다.
d:\files\c\cc\cook\cook103\maxremov\maxremov\source.cpp(153): warning C4018: '<': signed 또는 unsigned가 일치하지 않습니다.
d:\files\c\cc\cook\cook103\maxremov\maxremov\source.cpp(165): warning C4244: '=': '__int64'에서 'int'(으)로 변환하면서 데이터가 손실될 수 있습니다.
d:\files\c\cc\cook\cook103\maxremov\maxremov\source.cpp(166): warning C4244: '=': '__int64'에서 'int'(으)로 변환하면서 데이터가 손실될 수 있습니다.
d:\files\c\cc\cook\cook103\maxremov\maxremov\source.cpp(41): warning C4996: 'scanf': This function or variable may be unsafe. Consider using scanf_s instead. To disable deprecation, use _CRT_SECURE_NO_WARNINGS. See online help for details.
  c:\program files (x86)\windows kits\10\include\10.0.10240.0\ucrt\stdio.h(1270): note: 'scanf' 선언을 참조하십시오.
d:\files\c\cc\cook\cook103\maxremov\maxremov\source.cpp(45): warning C4996: 'scanf': This function or variable may be unsafe. Consider using scanf_s instead. To disable deprecation, use _CRT_SECURE_NO_WARNINGS. See online help for details.
  c:\program files (x86)\windows kits\10\include\10.0.10240.0\ucrt\stdio.h(1270): note: 'scanf' 선언을 참조하십시오.
d:\files\c\cc\cook\cook103\maxremov\maxremov\source.cpp(51): warning C4996: 'scanf': This function or variable may be unsafe. Consider using scanf_s instead. To disable deprecation, use _CRT_SECURE_NO_WARNINGS. See online help for details.
  c:\program files (x86)\windows kits\10\include\10.0.10240.0\ucrt\stdio.h(1270): note: 'scanf' 선언을 참조하십시오.
d:\files\c\cc\cook\cook103\maxremov\maxremov\source.cpp(38): warning C4101: 'ptr1' :참조되지 않은 지역 변수입니다.
d:\files\c\cc\cook\cook103\maxremov\maxremov\source.cpp(31): warning C4101: 'cnt' :참조되지 않은 지역 변수입니다.
d:\files\c\cc\cook\cook103\maxremov\maxremov\source.cpp(38): warning C4101: 'ptr2' :참조되지 않은 지역 변수입니다.
c:\program files (x86)\microsoft visual studio 14.0\vc\include\utility(172): warning C4244: '초기화 중': '__int64'에서 'int'(으)로 변환하면서 데이터가 손실될 수 있습니다.
  d:\files\c\cc\cook\cook103\maxremov\maxremov\source.cpp(74): note: 컴파일 중인 함수 템플릿 인스턴스화 'std::pair<int,int>::pair<int&,__int64&,void,0>(_Other1,_Other2) noexcept'에 대한 참조를 확인하십시오.
          with
          [
              _Other1=int &,
              _Other2=__int64 &
          ]
  d:\files\c\cc\cook\cook103\maxremov\maxremov\source.cpp(74): note: 컴파일 중인 함수 템플릿 인스턴스화 'std::pair<int,int>::pair<int&,__int64&,void,0>(_Other1,_Other2) noexcept'에 대한 참조를 확인하십시오.
          with
          [
              _Other1=int &,
              _Other2=__int64 &
          ]
  MAXREMOV.vcxproj -> D:\files\C\cc\cook\COOK103\MAXREMOV\Debug\MAXREMOV.exe
  MAXREMOV.vcxproj -> D:\files\C\cc\cook\COOK103\MAXREMOV\Debug\MAXREMOV.pdb (Partial PDB)
