  source.cpp
d:\files\c\cf\624\f\f\source.cpp(85): warning C4244: '인수': '__int64'에서 'unsigned int'(으)로 변환하면서 데이터가 손실될 수 있습니다.
d:\files\c\cf\624\f\f\source.cpp(87): warning C4244: '인수': '__int64'에서 'unsigned int'(으)로 변환하면서 데이터가 손실될 수 있습니다.
d:\files\c\cf\624\f\f\source.cpp(92): warning C4244: '인수': '__int64'에서 'unsigned int'(으)로 변환하면서 데이터가 손실될 수 있습니다.
d:\files\c\cf\624\f\f\source.cpp(99): warning C4244: '인수': '__int64'에서 'unsigned int'(으)로 변환하면서 데이터가 손실될 수 있습니다.
d:\files\c\cf\624\f\f\source.cpp(104): warning C4244: '인수': '__int64'에서 'unsigned int'(으)로 변환하면서 데이터가 손실될 수 있습니다.
d:\files\c\cf\624\f\f\source.cpp(115): warning C4244: '인수': '__int64'에서 'unsigned int'(으)로 변환하면서 데이터가 손실될 수 있습니다.
d:\files\c\cf\624\f\f\source.cpp(116): warning C4244: '인수': '__int64'에서 'unsigned int'(으)로 변환하면서 데이터가 손실될 수 있습니다.
d:\files\c\cf\624\f\f\source.cpp(118): warning C4244: '인수': '__int64'에서 'unsigned int'(으)로 변환하면서 데이터가 손실될 수 있습니다.
d:\files\c\cf\624\f\f\source.cpp(121): warning C4244: '인수': '__int64'에서 'unsigned int'(으)로 변환하면서 데이터가 손실될 수 있습니다.
d:\files\c\cf\624\f\f\source.cpp(75): warning C4996: 'freopen': This function or variable may be unsafe. Consider using freopen_s instead. To disable deprecation, use _CRT_SECURE_NO_WARNINGS. See online help for details.
  c:\program files (x86)\windows kits\10\include\10.0.10240.0\ucrt\stdio.h(240): note: 'freopen' 선언을 참조하십시오.
d:\files\c\cf\624\f\f\source.cpp(77): warning C4996: 'scanf': This function or variable may be unsafe. Consider using scanf_s instead. To disable deprecation, use _CRT_SECURE_NO_WARNINGS. See online help for details.
  c:\program files (x86)\windows kits\10\include\10.0.10240.0\ucrt\stdio.h(1270): note: 'scanf' 선언을 참조하십시오.
d:\files\c\cf\624\f\f\source.cpp(85): warning C4996: 'scanf': This function or variable may be unsafe. Consider using scanf_s instead. To disable deprecation, use _CRT_SECURE_NO_WARNINGS. See online help for details.
  c:\program files (x86)\windows kits\10\include\10.0.10240.0\ucrt\stdio.h(1270): note: 'scanf' 선언을 참조하십시오.
d:\files\c\cf\624\f\f\source.cpp(92): warning C4996: 'scanf': This function or variable may be unsafe. Consider using scanf_s instead. To disable deprecation, use _CRT_SECURE_NO_WARNINGS. See online help for details.
  c:\program files (x86)\windows kits\10\include\10.0.10240.0\ucrt\stdio.h(1270): note: 'scanf' 선언을 참조하십시오.
  F.vcxproj -> D:\files\C\cf\624\F\Debug\F.exe
  F.vcxproj -> D:\files\C\cf\624\F\Debug\F.pdb (Partial PDB)
